Arguments: 
  /Users/apple/.nvm/versions/node/v14.0.0/bin/node /usr/local/Cellar/yarn/1.22.0/libexec/bin/yarn.js init

PATH: 
  /Users/apple/.nvm/versions/node/v14.0.0/bin:/Users/apple/.gem/ruby/2.6.3/bin:/usr/local/bin:/Users/apple/.composer/vendor/bin:/Applications/MAMP/Library/bin:/Applications/MAMP/bin/php5.5.10/bin:/usr/local/bin:/usr/bin:/bin:/usr/sbin:/sbin:/Applications/VMware Fusion.app/Contents/Public:/Applications/MAMP/Library/bin

Yarn version: 
  1.22.0

Node version: 
  14.0.0

Platform: 
  darwin x64

Trace: 
  Error: canceled
      at Interface.<anonymous> (/usr/local/Cellar/yarn/1.22.0/libexec/lib/cli.js:136987:13)
      at Interface.emit (events.js:315:20)
      at Interface._ttyWrite (readline.js:873:16)
      at ReadStream.onkeypress (readline.js:213:10)
      at ReadStream.emit (events.js:315:20)
      at emitKeys (internal/readline/utils.js:335:14)
      at emitKeys.next (<anonymous>)
      at ReadStream.onData (readline.js:1140:36)
      at ReadStream.emit (events.js:315:20)
      at addChunk (_stream_readable.js:296:12)

npm manifest: 
  No manifest

yarn manifest: 
  No manifest

Lockfile: 
  No lockfile
